push_service/build/intermediates/manifest_merge_blame_file/debug/manifest-merger-blame-debug-report.txt
1<?xml version="1.0" encoding="utf-8"?>
2<manifest xmlns:android="http://schemas.android.com/apk/res/android"
3    package="com.qunar.im.thirdpush"
4    android:versionCode="1"
5    android:versionName="1.0" >
6
7    <uses-sdk
8        android:minSdkVersion="19"
8-->src\main\AndroidManifest.xml
9        android:targetSdkVersion="26" />
9-->src\main\AndroidManifest.xml
10
11    <application>
11-->src\main\AndroidManifest.xml:5:5-71:19
12        <service
12-->src\main\AndroidManifest.xml:6:9-12:19
13            android:name="com.qunar.im.thirdpush.client.huawei.ImHmsMessageService"
13-->src\main\AndroidManifest.xml:7:13-62
14            android:exported="false" >
14-->src\main\AndroidManifest.xml:8:13-37
15            <intent-filter>
15-->src\main\AndroidManifest.xml:9:13-11:29
16                <action android:name="com.huawei.push.action.MESSAGING_EVENT" />
16-->src\main\AndroidManifest.xml:10:17-81
16-->src\main\AndroidManifest.xml:10:25-78
17            </intent-filter>
18        </service>
19
20        <receiver
20-->src\main\AndroidManifest.xml:15:9-28:20
21            android:name="com.qunar.im.thirdpush.client.mipush.MiPushMessageReceiver"
21-->src\main\AndroidManifest.xml:16:13-64
22            android:exported="true" >
22-->src\main\AndroidManifest.xml:17:13-36
23            <intent-filter>
23-->src\main\AndroidManifest.xml:19:13-21:29
24                <action android:name="com.xiaomi.mipush.RECEIVE_MESSAGE" />
24-->src\main\AndroidManifest.xml:20:17-76
24-->src\main\AndroidManifest.xml:20:25-73
25            </intent-filter>
26            <intent-filter>
26-->src\main\AndroidManifest.xml:22:13-24:29
27                <action android:name="com.xiaomi.mipush.MESSAGE_ARRIVED" />
27-->src\main\AndroidManifest.xml:23:17-76
27-->src\main\AndroidManifest.xml:23:25-73
28            </intent-filter>
29            <intent-filter>
29-->src\main\AndroidManifest.xml:25:13-27:29
30                <action android:name="com.xiaomi.mipush.ERROR" />
30-->src\main\AndroidManifest.xml:26:17-66
30-->src\main\AndroidManifest.xml:26:25-63
31            </intent-filter>
32        </receiver>
33
34        <service
34-->src\main\AndroidManifest.xml:30:9-33:46
35            android:name="com.xiaomi.push.service.XMPushService"
35-->src\main\AndroidManifest.xml:31:13-65
36            android:enabled="true"
36-->src\main\AndroidManifest.xml:32:13-35
37            android:process=":pushservice" />
37-->src\main\AndroidManifest.xml:33:13-43
38
39        <!-- 注：此service必须在3.0.1版本以后（包括3.0.1版本）加入 -->
40        <service
40-->src\main\AndroidManifest.xml:36:9-41:46
41            android:name="com.xiaomi.push.service.XMJobService"
41-->src\main\AndroidManifest.xml:37:13-64
42            android:enabled="true"
42-->src\main\AndroidManifest.xml:38:13-35
43            android:exported="false"
43-->src\main\AndroidManifest.xml:39:13-37
44            android:permission="android.permission.BIND_JOB_SERVICE"
44-->src\main\AndroidManifest.xml:40:13-69
45            android:process=":pushservice" />
45-->src\main\AndroidManifest.xml:41:13-43
46        <service
46-->src\main\AndroidManifest.xml:43:9-46:39
47            android:name="com.xiaomi.mipush.sdk.PushMessageHandler"
47-->src\main\AndroidManifest.xml:44:13-68
48            android:enabled="true"
48-->src\main\AndroidManifest.xml:45:13-35
49            android:exported="true" />
49-->src\main\AndroidManifest.xml:46:13-36
50
51        <!-- 注：此service必须在2.2.5版本以后（包括2.2.5版本）加入 -->
52        <service
52-->src\main\AndroidManifest.xml:49:9-51:38
53            android:name="com.xiaomi.mipush.sdk.MessageHandleService"
53-->src\main\AndroidManifest.xml:50:13-70
54            android:enabled="true" />
54-->src\main\AndroidManifest.xml:51:13-35
55
56        <receiver
56-->src\main\AndroidManifest.xml:53:9-60:20
57            android:name="com.xiaomi.push.service.receivers.NetworkStatusReceiver"
57-->src\main\AndroidManifest.xml:54:13-83
58            android:exported="true" >
58-->src\main\AndroidManifest.xml:55:13-36
59            <intent-filter>
59-->src\main\AndroidManifest.xml:56:13-59:29
60                <action android:name="android.net.conn.CONNECTIVITY_CHANGE" />
60-->src\main\AndroidManifest.xml:57:17-79
60-->src\main\AndroidManifest.xml:57:25-76
61
62                <category android:name="android.intent.category.DEFAULT" />
62-->src\main\AndroidManifest.xml:58:17-76
62-->src\main\AndroidManifest.xml:58:27-73
63            </intent-filter>
64        </receiver>
65        <receiver
65-->src\main\AndroidManifest.xml:62:9-69:20
66            android:name="com.xiaomi.push.service.receivers.PingReceiver"
66-->src\main\AndroidManifest.xml:63:13-74
67            android:exported="false"
67-->src\main\AndroidManifest.xml:64:13-37
68            android:process=":pushservice" >
68-->src\main\AndroidManifest.xml:65:13-43
69            <intent-filter>
69-->src\main\AndroidManifest.xml:66:13-68:29
70                <action android:name="com.xiaomi.push.PING_TIMER" />
70-->src\main\AndroidManifest.xml:67:17-69
70-->src\main\AndroidManifest.xml:67:25-66
71            </intent-filter>
72        </receiver>
73        <receiver android:name="com.qunar.im.thirdpush.client.huawei.HwPushMessageReceiver" />
73-->src\main\AndroidManifest.xml:70:9-73
73-->src\main\AndroidManifest.xml:70:19-70
74    </application>
75
76</manifest>